<?xml version="1.0" encoding="UTF-8"?>
<!-- Generated by org.testng.reporters.JUnitReportReporter -->
<testsuite hostname="DESKTOP-SKBUBUD" failures="0" tests="3" name="Basic.first_test" time="0.065" errors="0" timestamp="2023-12-16T17:19:47 IST" skipped="0">
  <testcase classname="Basic.first_test" name="hey" time="0.008"/>
  <testcase classname="Basic.first_test" name="hello" time="0.051"/>
  <testcase classname="Basic.first_test" name="zero" time="0.006"/>
</testsuite> <!-- Basic.first_test -->
