<?xml version="1.0" encoding="UTF-8"?>
<!-- Generated by org.testng.reporters.JUnitReportReporter -->
<testsuite hostname="DESKTOP-SKBUBUD" failures="0" tests="2" name="Basic.Account" time="0.025" errors="0" timestamp="2023-12-21T08:56:51 IST" skipped="0">
  <testcase classname="Basic.Account" name="currentAccout" time="0.020"/>
  <testcase classname="Basic.Account" name="loanAccount" time="0.005"/>
</testsuite> <!-- Basic.Account -->
