<?xml version="1.0" encoding="UTF-8"?>
<!-- Generated by org.testng.reporters.JUnitReportReporter -->
<testsuite hostname="DESKTOP-SKBUBUD" failures="0" tests="1" name="com.qa.test.keywordframe$logintest" time="1.302" errors="0" timestamp="2024-02-03T13:34:45 IST" skipped="0">
  <testcase classname="com.qa.test.keywordframe$logintest" name="logintest" time="1.302"/>
</testsuite> <!-- com.qa.test.keywordframe$logintest -->
