<?xml version="1.0" encoding="UTF-8"?>
<!-- Generated by org.testng.reporters.JUnitReportReporter -->
<testsuite hostname="DESKTOP-SKBUBUD" failures="0" tests="1" name="Guru99_Project.Day1_project_Login" time="52.781" errors="0" timestamp="2024-01-02T08:44:34 IST" skipped="0">
  <testcase classname="Guru99_Project.Day1_project_Login" name="logintest" time="52.781"/>
</testsuite> <!-- Guru99_Project.Day1_project_Login -->
