<?xml version="1.0" encoding="UTF-8"?>
<!-- Generated by org.testng.reporters.JUnitReportReporter -->
<testsuite hostname="DESKTOP-SKBUBUD" failures="0" tests="1" name="com.Day1_2" time="11.998" errors="0" timestamp="2024-01-06T12:01:45 IST" skipped="0">
  <testcase classname="com.Day1_2" name="logincheck" time="11.998"/>
</testsuite> <!-- com.Day1_2 -->
